<?xml version="1.0" encoding="UTF-8"?>
<testsuite xmlns:xsi="http://www.w3.org/2001/XMLSchema-instance" xsi:noNamespaceSchemaLocation="https://maven.apache.org/surefire/maven-surefire-plugin/xsd/surefire-test-report.xsd" name="com.jinguizi.Test01" time="3.909" tests="2" errors="0" skipped="0" failures="0">
  <properties>
    <property name="sun.desktop" value="windows"/>
    <property name="awt.toolkit" value="sun.awt.windows.WToolkit"/>
    <property name="file.encoding.pkg" value="sun.io"/>
    <property name="java.specification.version" value="1.8"/>
    <property name="sun.cpu.isalist" value="amd64"/>
    <property name="sun.jnu.encoding" value="GBK"/>
    <property name="java.class.path" value="E:\jinguizi\uploading\target\test-classes;E:\jinguizi\uploading\target\classes;D:\app\maven\repos\org\springframework\boot\spring-boot-starter-web\2.1.3.RELEASE\spring-boot-starter-web-2.1.3.RELEASE.jar;D:\app\maven\repos\org\springframework\boot\spring-boot-starter\2.1.3.RELEASE\spring-boot-starter-2.1.3.RELEASE.jar;D:\app\maven\repos\org\springframework\boot\spring-boot\2.1.3.RELEASE\spring-boot-2.1.3.RELEASE.jar;D:\app\maven\repos\org\springframework\boot\spring-boot-starter-logging\2.1.3.RELEASE\spring-boot-starter-logging-2.1.3.RELEASE.jar;D:\app\maven\repos\ch\qos\logback\logback-classic\1.2.3\logback-classic-1.2.3.jar;D:\app\maven\repos\ch\qos\logback\logback-core\1.2.3\logback-core-1.2.3.jar;D:\app\maven\repos\org\apache\logging\log4j\log4j-to-slf4j\2.11.2\log4j-to-slf4j-2.11.2.jar;D:\app\maven\repos\org\apache\logging\log4j\log4j-api\2.11.2\log4j-api-2.11.2.jar;D:\app\maven\repos\org\slf4j\jul-to-slf4j\1.7.25\jul-to-slf4j-1.7.25.jar;D:\app\maven\repos\javax\annotation\javax.annotation-api\1.3.2\javax.annotation-api-1.3.2.jar;D:\app\maven\repos\org\yaml\snakeyaml\1.23\snakeyaml-1.23.jar;D:\app\maven\repos\org\springframework\boot\spring-boot-starter-json\2.1.3.RELEASE\spring-boot-starter-json-2.1.3.RELEASE.jar;D:\app\maven\repos\com\fasterxml\jackson\datatype\jackson-datatype-jdk8\2.9.8\jackson-datatype-jdk8-2.9.8.jar;D:\app\maven\repos\com\fasterxml\jackson\datatype\jackson-datatype-jsr310\2.9.8\jackson-datatype-jsr310-2.9.8.jar;D:\app\maven\repos\com\fasterxml\jackson\module\jackson-module-parameter-names\2.9.8\jackson-module-parameter-names-2.9.8.jar;D:\app\maven\repos\org\springframework\boot\spring-boot-starter-tomcat\2.1.3.RELEASE\spring-boot-starter-tomcat-2.1.3.RELEASE.jar;D:\app\maven\repos\org\apache\tomcat\embed\tomcat-embed-core\9.0.16\tomcat-embed-core-9.0.16.jar;D:\app\maven\repos\org\apache\tomcat\embed\tomcat-embed-el\9.0.16\tomcat-embed-el-9.0.16.jar;D:\app\maven\repos\org\apache\tomcat\embed\tomcat-embed-websocket\9.0.16\tomcat-embed-websocket-9.0.16.jar;D:\app\maven\repos\org\hibernate\validator\hibernate-validator\6.0.14.Final\hibernate-validator-6.0.14.Final.jar;D:\app\maven\repos\javax\validation\validation-api\2.0.1.Final\validation-api-2.0.1.Final.jar;D:\app\maven\repos\org\jboss\logging\jboss-logging\3.3.2.Final\jboss-logging-3.3.2.Final.jar;D:\app\maven\repos\com\fasterxml\classmate\1.4.0\classmate-1.4.0.jar;D:\app\maven\repos\org\springframework\spring-web\5.1.5.RELEASE\spring-web-5.1.5.RELEASE.jar;D:\app\maven\repos\org\springframework\spring-beans\5.1.5.RELEASE\spring-beans-5.1.5.RELEASE.jar;D:\app\maven\repos\org\springframework\spring-webmvc\5.1.5.RELEASE\spring-webmvc-5.1.5.RELEASE.jar;D:\app\maven\repos\org\springframework\spring-context\5.1.5.RELEASE\spring-context-5.1.5.RELEASE.jar;D:\app\maven\repos\org\springframework\spring-expression\5.1.5.RELEASE\spring-expression-5.1.5.RELEASE.jar;D:\app\maven\repos\org\mybatis\spring\boot\mybatis-spring-boot-starter\1.3.2\mybatis-spring-boot-starter-1.3.2.jar;D:\app\maven\repos\org\mybatis\spring\boot\mybatis-spring-boot-autoconfigure\1.3.2\mybatis-spring-boot-autoconfigure-1.3.2.jar;D:\app\maven\repos\org\mybatis\mybatis\3.4.6\mybatis-3.4.6.jar;D:\app\maven\repos\org\mybatis\mybatis-spring\1.3.2\mybatis-spring-1.3.2.jar;D:\app\maven\repos\org\springframework\boot\spring-boot-starter-jdbc\2.1.3.RELEASE\spring-boot-starter-jdbc-2.1.3.RELEASE.jar;D:\app\maven\repos\com\zaxxer\HikariCP\3.2.0\HikariCP-3.2.0.jar;D:\app\maven\repos\org\springframework\spring-jdbc\5.1.5.RELEASE\spring-jdbc-5.1.5.RELEASE.jar;D:\app\maven\repos\org\springframework\spring-tx\5.1.5.RELEASE\spring-tx-5.1.5.RELEASE.jar;D:\app\maven\repos\com\alibaba\druid\1.1.9\druid-1.1.9.jar;D:\app\maven\repos\com\alibaba\druid-spring-boot-starter\1.1.9\druid-spring-boot-starter-1.1.9.jar;D:\app\maven\repos\org\slf4j\slf4j-api\1.7.25\slf4j-api-1.7.25.jar;D:\app\maven\repos\org\springframework\boot\spring-boot-autoconfigure\2.1.3.RELEASE\spring-boot-autoconfigure-2.1.3.RELEASE.jar;D:\app\maven\repos\mysql\mysql-connector-java\8.0.16\mysql-connector-java-8.0.16.jar;D:\app\maven\repos\io\jsonwebtoken\jjwt\0.7.0\jjwt-0.7.0.jar;D:\app\maven\repos\com\fasterxml\jackson\core\jackson-databind\2.9.8\jackson-databind-2.9.8.jar;D:\app\maven\repos\com\fasterxml\jackson\core\jackson-annotations\2.9.0\jackson-annotations-2.9.0.jar;D:\app\maven\repos\com\fasterxml\jackson\core\jackson-core\2.9.8\jackson-core-2.9.8.jar;D:\app\maven\repos\com\auth0\java-jwt\3.8.1\java-jwt-3.8.1.jar;D:\app\maven\repos\commons-codec\commons-codec\1.11\commons-codec-1.11.jar;D:\app\maven\repos\com\alibaba\fastjson\1.2.47\fastjson-1.2.47.jar;D:\app\maven\repos\org\springframework\boot\spring-boot-starter-test\2.1.6.RELEASE\spring-boot-starter-test-2.1.6.RELEASE.jar;D:\app\maven\repos\org\springframework\boot\spring-boot-test\2.1.3.RELEASE\spring-boot-test-2.1.3.RELEASE.jar;D:\app\maven\repos\org\springframework\boot\spring-boot-test-autoconfigure\2.1.3.RELEASE\spring-boot-test-autoconfigure-2.1.3.RELEASE.jar;D:\app\maven\repos\com\jayway\jsonpath\json-path\2.4.0\json-path-2.4.0.jar;D:\app\maven\repos\net\minidev\json-smart\2.3\json-smart-2.3.jar;D:\app\maven\repos\net\minidev\accessors-smart\1.2\accessors-smart-1.2.jar;D:\app\maven\repos\org\ow2\asm\asm\5.0.4\asm-5.0.4.jar;D:\app\maven\repos\junit\junit\4.12\junit-4.12.jar;D:\app\maven\repos\org\assertj\assertj-core\3.11.1\assertj-core-3.11.1.jar;D:\app\maven\repos\org\mockito\mockito-core\2.23.4\mockito-core-2.23.4.jar;D:\app\maven\repos\net\bytebuddy\byte-buddy\1.9.10\byte-buddy-1.9.10.jar;D:\app\maven\repos\net\bytebuddy\byte-buddy-agent\1.9.10\byte-buddy-agent-1.9.10.jar;D:\app\maven\repos\org\objenesis\objenesis\2.6\objenesis-2.6.jar;D:\app\maven\repos\org\hamcrest\hamcrest-core\1.3\hamcrest-core-1.3.jar;D:\app\maven\repos\org\hamcrest\hamcrest-library\1.3\hamcrest-library-1.3.jar;D:\app\maven\repos\org\skyscreamer\jsonassert\1.5.0\jsonassert-1.5.0.jar;D:\app\maven\repos\com\vaadin\external\google\android-json\0.0.20131108.vaadin1\android-json-0.0.20131108.vaadin1.jar;D:\app\maven\repos\org\springframework\spring-core\5.1.5.RELEASE\spring-core-5.1.5.RELEASE.jar;D:\app\maven\repos\org\springframework\spring-jcl\5.1.5.RELEASE\spring-jcl-5.1.5.RELEASE.jar;D:\app\maven\repos\org\springframework\spring-test\5.1.5.RELEASE\spring-test-5.1.5.RELEASE.jar;D:\app\maven\repos\org\xmlunit\xmlunit-core\2.6.2\xmlunit-core-2.6.2.jar;D:\app\maven\repos\org\apache\poi\poi\3.14\poi-3.14.jar;D:\app\maven\repos\org\apache\poi\poi-ooxml\3.14\poi-ooxml-3.14.jar;D:\app\maven\repos\com\github\virtuald\curvesapi\1.03\curvesapi-1.03.jar;D:\app\maven\repos\org\apache\poi\poi-ooxml-schemas\3.14\poi-ooxml-schemas-3.14.jar;D:\app\maven\repos\org\apache\xmlbeans\xmlbeans\2.6.0\xmlbeans-2.6.0.jar;D:\app\maven\repos\stax\stax-api\1.0.1\stax-api-1.0.1.jar;D:\app\maven\repos\com\github\pagehelper\pagehelper-spring-boot-starter\1.2.10\pagehelper-spring-boot-starter-1.2.10.jar;D:\app\maven\repos\com\github\pagehelper\pagehelper-spring-boot-autoconfigure\1.2.10\pagehelper-spring-boot-autoconfigure-1.2.10.jar;D:\app\maven\repos\com\github\pagehelper\pagehelper\5.1.8\pagehelper-5.1.8.jar;D:\app\maven\repos\com\github\jsqlparser\jsqlparser\1.2\jsqlparser-1.2.jar;D:\app\maven\repos\org\apache\commons\commons-lang3\3.4\commons-lang3-3.4.jar;D:\app\maven\repos\org\springframework\boot\spring-boot-starter-aop\2.1.3.RELEASE\spring-boot-starter-aop-2.1.3.RELEASE.jar;D:\app\maven\repos\org\springframework\spring-aop\5.1.5.RELEASE\spring-aop-5.1.5.RELEASE.jar;D:\app\maven\repos\org\aspectj\aspectjweaver\1.9.2\aspectjweaver-1.9.2.jar;D:\app\maven\repos\javax\servlet\javax.servlet-api\4.0.1\javax.servlet-api-4.0.1.jar;"/>
    <property name="java.vm.vendor" value="Oracle Corporation"/>
    <property name="sun.arch.data.model" value="64"/>
    <property name="user.variant" value=""/>
    <property name="java.vendor.url" value="http://java.oracle.com/"/>
    <property name="user.timezone" value="Asia/Shanghai"/>
    <property name="java.vm.specification.version" value="1.8"/>
    <property name="os.name" value="Windows 10"/>
    <property name="user.country" value="CN"/>
    <property name="sun.java.launcher" value="SUN_STANDARD"/>
    <property name="sun.boot.library.path" value="E:\jdk1.8\jdk1.8\jre\bin"/>
    <property name="sun.java.command" value="C:\Users\刘瓜儿\AppData\Local\Temp\surefire522743188296455608\surefirebooter7519731122805321807.jar C:\Users\刘瓜儿\AppData\Local\Temp\surefire522743188296455608 2021-01-12T15-26-37_228-jvmRun1 surefire2035398994678716029tmp surefire_05447173766537349448tmp"/>
    <property name="surefire.test.class.path" value="E:\jinguizi\uploading\target\test-classes;E:\jinguizi\uploading\target\classes;D:\app\maven\repos\org\springframework\boot\spring-boot-starter-web\2.1.3.RELEASE\spring-boot-starter-web-2.1.3.RELEASE.jar;D:\app\maven\repos\org\springframework\boot\spring-boot-starter\2.1.3.RELEASE\spring-boot-starter-2.1.3.RELEASE.jar;D:\app\maven\repos\org\springframework\boot\spring-boot\2.1.3.RELEASE\spring-boot-2.1.3.RELEASE.jar;D:\app\maven\repos\org\springframework\boot\spring-boot-starter-logging\2.1.3.RELEASE\spring-boot-starter-logging-2.1.3.RELEASE.jar;D:\app\maven\repos\ch\qos\logback\logback-classic\1.2.3\logback-classic-1.2.3.jar;D:\app\maven\repos\ch\qos\logback\logback-core\1.2.3\logback-core-1.2.3.jar;D:\app\maven\repos\org\apache\logging\log4j\log4j-to-slf4j\2.11.2\log4j-to-slf4j-2.11.2.jar;D:\app\maven\repos\org\apache\logging\log4j\log4j-api\2.11.2\log4j-api-2.11.2.jar;D:\app\maven\repos\org\slf4j\jul-to-slf4j\1.7.25\jul-to-slf4j-1.7.25.jar;D:\app\maven\repos\javax\annotation\javax.annotation-api\1.3.2\javax.annotation-api-1.3.2.jar;D:\app\maven\repos\org\yaml\snakeyaml\1.23\snakeyaml-1.23.jar;D:\app\maven\repos\org\springframework\boot\spring-boot-starter-json\2.1.3.RELEASE\spring-boot-starter-json-2.1.3.RELEASE.jar;D:\app\maven\repos\com\fasterxml\jackson\datatype\jackson-datatype-jdk8\2.9.8\jackson-datatype-jdk8-2.9.8.jar;D:\app\maven\repos\com\fasterxml\jackson\datatype\jackson-datatype-jsr310\2.9.8\jackson-datatype-jsr310-2.9.8.jar;D:\app\maven\repos\com\fasterxml\jackson\module\jackson-module-parameter-names\2.9.8\jackson-module-parameter-names-2.9.8.jar;D:\app\maven\repos\org\springframework\boot\spring-boot-starter-tomcat\2.1.3.RELEASE\spring-boot-starter-tomcat-2.1.3.RELEASE.jar;D:\app\maven\repos\org\apache\tomcat\embed\tomcat-embed-core\9.0.16\tomcat-embed-core-9.0.16.jar;D:\app\maven\repos\org\apache\tomcat\embed\tomcat-embed-el\9.0.16\tomcat-embed-el-9.0.16.jar;D:\app\maven\repos\org\apache\tomcat\embed\tomcat-embed-websocket\9.0.16\tomcat-embed-websocket-9.0.16.jar;D:\app\maven\repos\org\hibernate\validator\hibernate-validator\6.0.14.Final\hibernate-validator-6.0.14.Final.jar;D:\app\maven\repos\javax\validation\validation-api\2.0.1.Final\validation-api-2.0.1.Final.jar;D:\app\maven\repos\org\jboss\logging\jboss-logging\3.3.2.Final\jboss-logging-3.3.2.Final.jar;D:\app\maven\repos\com\fasterxml\classmate\1.4.0\classmate-1.4.0.jar;D:\app\maven\repos\org\springframework\spring-web\5.1.5.RELEASE\spring-web-5.1.5.RELEASE.jar;D:\app\maven\repos\org\springframework\spring-beans\5.1.5.RELEASE\spring-beans-5.1.5.RELEASE.jar;D:\app\maven\repos\org\springframework\spring-webmvc\5.1.5.RELEASE\spring-webmvc-5.1.5.RELEASE.jar;D:\app\maven\repos\org\springframework\spring-context\5.1.5.RELEASE\spring-context-5.1.5.RELEASE.jar;D:\app\maven\repos\org\springframework\spring-expression\5.1.5.RELEASE\spring-expression-5.1.5.RELEASE.jar;D:\app\maven\repos\org\mybatis\spring\boot\mybatis-spring-boot-starter\1.3.2\mybatis-spring-boot-starter-1.3.2.jar;D:\app\maven\repos\org\mybatis\spring\boot\mybatis-spring-boot-autoconfigure\1.3.2\mybatis-spring-boot-autoconfigure-1.3.2.jar;D:\app\maven\repos\org\mybatis\mybatis\3.4.6\mybatis-3.4.6.jar;D:\app\maven\repos\org\mybatis\mybatis-spring\1.3.2\mybatis-spring-1.3.2.jar;D:\app\maven\repos\org\springframework\boot\spring-boot-starter-jdbc\2.1.3.RELEASE\spring-boot-starter-jdbc-2.1.3.RELEASE.jar;D:\app\maven\repos\com\zaxxer\HikariCP\3.2.0\HikariCP-3.2.0.jar;D:\app\maven\repos\org\springframework\spring-jdbc\5.1.5.RELEASE\spring-jdbc-5.1.5.RELEASE.jar;D:\app\maven\repos\org\springframework\spring-tx\5.1.5.RELEASE\spring-tx-5.1.5.RELEASE.jar;D:\app\maven\repos\com\alibaba\druid\1.1.9\druid-1.1.9.jar;D:\app\maven\repos\com\alibaba\druid-spring-boot-starter\1.1.9\druid-spring-boot-starter-1.1.9.jar;D:\app\maven\repos\org\slf4j\slf4j-api\1.7.25\slf4j-api-1.7.25.jar;D:\app\maven\repos\org\springframework\boot\spring-boot-autoconfigure\2.1.3.RELEASE\spring-boot-autoconfigure-2.1.3.RELEASE.jar;D:\app\maven\repos\mysql\mysql-connector-java\8.0.16\mysql-connector-java-8.0.16.jar;D:\app\maven\repos\io\jsonwebtoken\jjwt\0.7.0\jjwt-0.7.0.jar;D:\app\maven\repos\com\fasterxml\jackson\core\jackson-databind\2.9.8\jackson-databind-2.9.8.jar;D:\app\maven\repos\com\fasterxml\jackson\core\jackson-annotations\2.9.0\jackson-annotations-2.9.0.jar;D:\app\maven\repos\com\fasterxml\jackson\core\jackson-core\2.9.8\jackson-core-2.9.8.jar;D:\app\maven\repos\com\auth0\java-jwt\3.8.1\java-jwt-3.8.1.jar;D:\app\maven\repos\commons-codec\commons-codec\1.11\commons-codec-1.11.jar;D:\app\maven\repos\com\alibaba\fastjson\1.2.47\fastjson-1.2.47.jar;D:\app\maven\repos\org\springframework\boot\spring-boot-starter-test\2.1.6.RELEASE\spring-boot-starter-test-2.1.6.RELEASE.jar;D:\app\maven\repos\org\springframework\boot\spring-boot-test\2.1.3.RELEASE\spring-boot-test-2.1.3.RELEASE.jar;D:\app\maven\repos\org\springframework\boot\spring-boot-test-autoconfigure\2.1.3.RELEASE\spring-boot-test-autoconfigure-2.1.3.RELEASE.jar;D:\app\maven\repos\com\jayway\jsonpath\json-path\2.4.0\json-path-2.4.0.jar;D:\app\maven\repos\net\minidev\json-smart\2.3\json-smart-2.3.jar;D:\app\maven\repos\net\minidev\accessors-smart\1.2\accessors-smart-1.2.jar;D:\app\maven\repos\org\ow2\asm\asm\5.0.4\asm-5.0.4.jar;D:\app\maven\repos\junit\junit\4.12\junit-4.12.jar;D:\app\maven\repos\org\assertj\assertj-core\3.11.1\assertj-core-3.11.1.jar;D:\app\maven\repos\org\mockito\mockito-core\2.23.4\mockito-core-2.23.4.jar;D:\app\maven\repos\net\bytebuddy\byte-buddy\1.9.10\byte-buddy-1.9.10.jar;D:\app\maven\repos\net\bytebuddy\byte-buddy-agent\1.9.10\byte-buddy-agent-1.9.10.jar;D:\app\maven\repos\org\objenesis\objenesis\2.6\objenesis-2.6.jar;D:\app\maven\repos\org\hamcrest\hamcrest-core\1.3\hamcrest-core-1.3.jar;D:\app\maven\repos\org\hamcrest\hamcrest-library\1.3\hamcrest-library-1.3.jar;D:\app\maven\repos\org\skyscreamer\jsonassert\1.5.0\jsonassert-1.5.0.jar;D:\app\maven\repos\com\vaadin\external\google\android-json\0.0.20131108.vaadin1\android-json-0.0.20131108.vaadin1.jar;D:\app\maven\repos\org\springframework\spring-core\5.1.5.RELEASE\spring-core-5.1.5.RELEASE.jar;D:\app\maven\repos\org\springframework\spring-jcl\5.1.5.RELEASE\spring-jcl-5.1.5.RELEASE.jar;D:\app\maven\repos\org\springframework\spring-test\5.1.5.RELEASE\spring-test-5.1.5.RELEASE.jar;D:\app\maven\repos\org\xmlunit\xmlunit-core\2.6.2\xmlunit-core-2.6.2.jar;D:\app\maven\repos\org\apache\poi\poi\3.14\poi-3.14.jar;D:\app\maven\repos\org\apache\poi\poi-ooxml\3.14\poi-ooxml-3.14.jar;D:\app\maven\repos\com\github\virtuald\curvesapi\1.03\curvesapi-1.03.jar;D:\app\maven\repos\org\apache\poi\poi-ooxml-schemas\3.14\poi-ooxml-schemas-3.14.jar;D:\app\maven\repos\org\apache\xmlbeans\xmlbeans\2.6.0\xmlbeans-2.6.0.jar;D:\app\maven\repos\stax\stax-api\1.0.1\stax-api-1.0.1.jar;D:\app\maven\repos\com\github\pagehelper\pagehelper-spring-boot-starter\1.2.10\pagehelper-spring-boot-starter-1.2.10.jar;D:\app\maven\repos\com\github\pagehelper\pagehelper-spring-boot-autoconfigure\1.2.10\pagehelper-spring-boot-autoconfigure-1.2.10.jar;D:\app\maven\repos\com\github\pagehelper\pagehelper\5.1.8\pagehelper-5.1.8.jar;D:\app\maven\repos\com\github\jsqlparser\jsqlparser\1.2\jsqlparser-1.2.jar;D:\app\maven\repos\org\apache\commons\commons-lang3\3.4\commons-lang3-3.4.jar;D:\app\maven\repos\org\springframework\boot\spring-boot-starter-aop\2.1.3.RELEASE\spring-boot-starter-aop-2.1.3.RELEASE.jar;D:\app\maven\repos\org\springframework\spring-aop\5.1.5.RELEASE\spring-aop-5.1.5.RELEASE.jar;D:\app\maven\repos\org\aspectj\aspectjweaver\1.9.2\aspectjweaver-1.9.2.jar;D:\app\maven\repos\javax\servlet\javax.servlet-api\4.0.1\javax.servlet-api-4.0.1.jar;"/>
    <property name="sun.cpu.endian" value="little"/>
    <property name="user.home" value="C:\Users\刘瓜儿"/>
    <property name="user.language" value="zh"/>
    <property name="java.specification.vendor" value="Oracle Corporation"/>
    <property name="java.home" value="E:\jdk1.8\jdk1.8\jre"/>
    <property name="basedir" value="E:\jinguizi\uploading"/>
    <property name="file.separator" value="\"/>
    <property name="line.separator" value="&#10;"/>
    <property name="java.vm.specification.vendor" value="Oracle Corporation"/>
    <property name="java.specification.name" value="Java Platform API Specification"/>
    <property name="java.awt.graphicsenv" value="sun.awt.Win32GraphicsEnvironment"/>
    <property name="surefire.real.class.path" value="C:\Users\刘瓜儿\AppData\Local\Temp\surefire522743188296455608\surefirebooter7519731122805321807.jar"/>
    <property name="sun.boot.class.path" value="E:\jdk1.8\jdk1.8\jre\lib\resources.jar;E:\jdk1.8\jdk1.8\jre\lib\rt.jar;E:\jdk1.8\jdk1.8\jre\lib\sunrsasign.jar;E:\jdk1.8\jdk1.8\jre\lib\jsse.jar;E:\jdk1.8\jdk1.8\jre\lib\jce.jar;E:\jdk1.8\jdk1.8\jre\lib\charsets.jar;E:\jdk1.8\jdk1.8\jre\lib\jfr.jar;E:\jdk1.8\jdk1.8\jre\classes"/>
    <property name="user.script" value=""/>
    <property name="sun.management.compiler" value="HotSpot 64-Bit Tiered Compilers"/>
    <property name="java.runtime.version" value="1.8.0_77-b03"/>
    <property name="user.name" value="刘瓜儿"/>
    <property name="path.separator" value=";"/>
    <property name="os.version" value="10.0"/>
    <property name="java.endorsed.dirs" value="E:\jdk1.8\jdk1.8\jre\lib\endorsed"/>
    <property name="java.runtime.name" value="Java(TM) SE Runtime Environment"/>
    <property name="file.encoding" value="GBK"/>
    <property name="java.vm.name" value="Java HotSpot(TM) 64-Bit Server VM"/>
    <property name="localRepository" value="D:\app\maven\repos"/>
    <property name="java.vendor.url.bug" value="http://bugreport.sun.com/bugreport/"/>
    <property name="java.io.tmpdir" value="C:\Users\刘瓜儿\AppData\Local\Temp\"/>
    <property name="idea.version" value="2018.2.4"/>
    <property name="java.version" value="1.8.0_77"/>
    <property name="user.dir" value="E:\jinguizi\uploading"/>
    <property name="os.arch" value="amd64"/>
    <property name="java.vm.specification.name" value="Java Virtual Machine Specification"/>
    <property name="java.awt.printerjob" value="sun.awt.windows.WPrinterJob"/>
    <property name="sun.os.patch.level" value=""/>
    <property name="java.library.path" value="E:\jdk1.8\jdk1.8\jre\bin;C:\WINDOWS\Sun\Java\bin;C:\WINDOWS\system32;C:\WINDOWS;E:\Orcale\product\11.2.0\client_1\bin;E:\Orcale\product\11.2.0\dbhome_1\bin;E:\XSHELL\;E:\XFTP\;E:\jdk1.8\jdk1.8\bin;C:\Program Files (x86)\Intel\Intel(R) Management Engine Components\iCLS\;C:\Program Files\Intel\Intel(R) Management Engine Components\iCLS\;C:\Windows\system32;C:\Windows;C:\Windows\System32\Wbem;C:\Windows\System32\WindowsPowerShell\v1.0\;C:\Windows\System32\OpenSSH\;C:\Program Files (x86)\Intel\Intel(R) Management Engine Components\DAL;C:\Program Files\Intel\Intel(R) Management Engine Components\DAL;C:\Program Files (x86)\Intel\Intel(R) Management Engine Components\IPT;C:\Program Files\Intel\Intel(R) Management Engine Components\IPT;C:\Program Files (x86)\NVIDIA Corporation\PhysX\Common;C:\Program Files\MySQL\MySQL Server 5.5\bin;C:\Program Files\Intel\WiFi\bin\;C:\Program Files\Common Files\Intel\WirelessCommon\;C:\WINDOWS\system32;C:\WINDOWS;C:\WINDOWS\System32\Wbem;C:\WINDOWS\System32\WindowsPowerShell\v1.0\;C:\WINDOWS\System32\OpenSSH\;E:\jdk1.8\jdk1.8\bin;E:\jdk1.8\jdk1.8\jre\bin;D:\apache-maven-3.5.3\bin;E:\svn\bin;D:\node\;E:\Python\Scripts\;E:\Python\;C:\Users\刘瓜儿\AppData\Local\Microsoft\WindowsApps;C:\Users\刘瓜儿\AppData\Roaming\npm;."/>
    <property name="java.vm.info" value="mixed mode"/>
    <property name="java.vendor" value="Oracle Corporation"/>
    <property name="java.vm.version" value="25.77-b03"/>
    <property name="java.ext.dirs" value="E:\jdk1.8\jdk1.8\jre\lib\ext;C:\WINDOWS\Sun\Java\lib\ext"/>
    <property name="sun.io.unicode.encoding" value="UnicodeLittle"/>
    <property name="maven.repo.local" value="D:\app\maven\repos"/>
    <property name="java.class.version" value="52.0"/>
  </properties>
  <testcase name="test03" classname="com.jinguizi.Test01" time="0.136"/>
  <testcase name="test2" classname="com.jinguizi.Test01" time="0.183"/>
</testsuite>